<?xml version="1.0" encoding="UTF-8"?>
<!-- Generated by org.testng.reporters.JUnitReportReporter -->
<testsuite hostname="Aronyos-Laptop.local" failures="0" tests="1" name="com.facebook.pageFactory.LoginTest" time="2.533" errors="0" timestamp="2023-09-30T10:28:16 CDT" skipped="0">
  <testcase classname="com.facebook.pageFactory.LoginTest" name="boundaryLoginTest" time="2.533"/>
</testsuite> <!-- com.facebook.pageFactory.LoginTest -->
