<?xml version="1.0" encoding="UTF-8"?>
<!-- Generated by org.testng.reporters.JUnitReportReporter -->
<testsuite hostname="Aronyos-Laptop.local" failures="0" tests="1" name="com.facebook.locators.XpathIndexing" time="6.428" errors="0" timestamp="2023-09-24T03:26:52 CDT" skipped="0">
  <testcase classname="com.facebook.locators.XpathIndexing" name="indexingMechanism" time="6.428"/>
</testsuite> <!-- com.facebook.locators.XpathIndexing -->
