<?xml version="1.0" encoding="UTF-8"?>
<!-- Generated by org.testng.reporters.JUnitReportReporter -->
<testsuite hostname="Aronyos-Laptop.local" failures="0" tests="2" name="com.facebook.pom_PageFactory.LoginTestWithPageFactory" time="27.961" errors="0" timestamp="2023-10-05T07:10:07 CDT" skipped="0">
  <testcase classname="com.facebook.pom_PageFactory.LoginTestWithPageFactory" name="invalidLoginTest" time="3.970"/>
  <testcase classname="com.facebook.pom_PageFactory.LoginTestWithPageFactory" name="validLoginTest" time="23.991"/>
</testsuite> <!-- com.facebook.pom_PageFactory.LoginTestWithPageFactory -->
