<?xml version="1.0" encoding="UTF-8"?>
<!-- Generated by org.testng.reporters.JUnitReportReporter -->
<testsuite hostname="Aronyos-Laptop.local" failures="0" tests="2" name="com.facebook.locators.RegularXpath" time="3.008" errors="0" timestamp="2023-09-22T05:28:38 CDT" skipped="0">
  <testcase classname="com.facebook.locators.RegularXpath" name="linkText" time="0.002"/>
  <testcase classname="com.facebook.locators.RegularXpath" name="loginTest" time="3.006"/>
</testsuite> <!-- com.facebook.locators.RegularXpath -->
