<?xml version="1.0" encoding="UTF-8"?>
<!-- Generated by org.testng.reporters.JUnitReportReporter -->
<testsuite hostname="Aronyos-Laptop.local" failures="0" tests="3" name="com.facebook.locators.DoubleXpath" time="10.448" errors="0" timestamp="2023-09-22T06:00:57 CDT" skipped="0">
  <testcase classname="com.facebook.locators.DoubleXpath" name="andCondition" time="1.876"/>
  <testcase classname="com.facebook.locators.DoubleXpath" name="doubleXpathTest" time="7.942"/>
  <testcase classname="com.facebook.locators.DoubleXpath" name="orCondition" time="0.630"/>
</testsuite> <!-- com.facebook.locators.DoubleXpath -->
