<?xml version="1.0" encoding="UTF-8"?>
<!-- Generated by org.testng.reporters.JUnitReportReporter -->
<testsuite hostname="Aronyos-Laptop.local" failures="0" tests="1" name="com.facebook.locators.ContainFunctionXpath" time="0.006" errors="0" timestamp="2023-09-23T06:18:49 CDT" skipped="0">
  <testcase classname="com.facebook.locators.ContainFunctionXpath" name="containFunction" time="0.006"/>
</testsuite> <!-- com.facebook.locators.ContainFunctionXpath -->
