<?xml version="1.0" encoding="UTF-8"?>
<!-- Generated by org.testng.reporters.JUnitReportReporter -->
<testsuite hostname="Aronyos-Laptop.local" failures="0" tests="1" name="com.facebook.pageFactory.LoginTestName" time="3.738" errors="0" timestamp="2023-10-05T05:04:12 CDT" skipped="0">
  <testcase classname="com.facebook.pageFactory.LoginTestName" name="invalidLogin" time="3.738"/>
</testsuite> <!-- com.facebook.pageFactory.LoginTestName -->
