<?xml version="1.0" encoding="UTF-8"?>
<!-- Generated by org.testng.reporters.JUnitReportReporter -->
<testsuite hostname="Aronyos-Laptop.local" failures="0" tests="1" name="com.facebook.findElements.Elements" time="16.351" errors="0" timestamp="2023-09-24T04:07:59 CDT" skipped="0">
  <testcase classname="com.facebook.findElements.Elements" name="listofElements" time="16.351"/>
</testsuite> <!-- com.facebook.findElements.Elements -->
