<?xml version="1.0" encoding="UTF-8"?>
<!-- Generated by org.testng.reporters.JUnitReportReporter -->
<testsuite hostname="Aronyos-Laptop.local" failures="0" tests="2" name="com.facebook.pageFactory.LoginTest" time="3.276" errors="0" timestamp="2023-10-05T04:47:39 CDT" skipped="0">
  <testcase classname="com.facebook.pageFactory.LoginTest" name="boundaryLoginTest" time="2.264"/>
  <testcase classname="com.facebook.pageFactory.LoginTest" name="invalidLogin3" time="1.012"/>
</testsuite> <!-- com.facebook.pageFactory.LoginTest -->
