<?xml version="1.0" encoding="UTF-8"?>
<!-- Generated by org.testng.reporters.JUnitReportReporter -->
<testsuite hostname="Aronyos-Laptop.local" failures="0" tests="5" name="com.facebook.locators.DirectLocators" time="31.093" errors="0" timestamp="2023-09-22T03:53:11 CDT" skipped="0">
  <testcase classname="com.facebook.locators.DirectLocators" name="partialLinkLocatorsTest" time="12.582"/>
  <testcase classname="com.facebook.locators.DirectLocators" name="nameLocatorsTest" time="2.873"/>
  <testcase classname="com.facebook.locators.DirectLocators" name="linkLocatorsTest" time="13.753"/>
  <testcase classname="com.facebook.locators.DirectLocators" name="idLocatorsTest" time="1.884"/>
  <testcase classname="com.facebook.locators.DirectLocators" name="linkTestLocatorsTest" time="0.001"/>
</testsuite> <!-- com.facebook.locators.DirectLocators -->
