<?xml version="1.0" encoding="UTF-8"?>
<!-- Generated by org.testng.reporters.JUnitReportReporter -->
<testsuite hostname="Aronyos-Laptop.local" failures="0" tests="3" name="com.facebook.locators.XpathFuction" time="13.340" errors="0" timestamp="2023-09-24T02:47:11 CDT" skipped="0">
  <testcase classname="com.facebook.locators.XpathFuction" name="linkText" time="11.308"/>
  <testcase classname="com.facebook.locators.XpathFuction" name="getText" time="1.410"/>
  <testcase classname="com.facebook.locators.XpathFuction" name="listText" time="0.622"/>
</testsuite> <!-- com.facebook.locators.XpathFuction -->
